<?xml version="1.0" encoding="UTF-8"?>
<testsuite xmlns:xsi="http://www.w3.org/2001/XMLSchema-instance" xsi:noNamespaceSchemaLocation="https://maven.apache.org/surefire/maven-surefire-plugin/xsd/surefire-test-report.xsd" name="com.example.todoservice.service.TodoServiceTest" time="0.291" tests="7" errors="0" skipped="0" failures="0">
  <properties>
    <property name="java.specification.version" value="21"/>
    <property name="sun.cpu.isalist" value="amd64"/>
    <property name="sun.jnu.encoding" value="GBK"/>
    <property name="java.class.path" value="D:\作业\分布式系统架构\大作业\todo_cloud\todo-cloud\todo-service\target\test-classes;D:\作业\分布式系统架构\大作业\todo_cloud\todo-cloud\todo-service\target\classes;D:\download\JAVA\maven_warehouse\org\springframework\boot\spring-boot-starter-web\2.7.18\spring-boot-starter-web-2.7.18.jar;D:\download\JAVA\maven_warehouse\org\springframework\boot\spring-boot-starter\2.7.18\spring-boot-starter-2.7.18.jar;D:\download\JAVA\maven_warehouse\org\springframework\boot\spring-boot\2.7.18\spring-boot-2.7.18.jar;D:\download\JAVA\maven_warehouse\org\springframework\boot\spring-boot-autoconfigure\2.7.18\spring-boot-autoconfigure-2.7.18.jar;D:\download\JAVA\maven_warehouse\org\springframework\boot\spring-boot-starter-logging\2.7.18\spring-boot-starter-logging-2.7.18.jar;D:\download\JAVA\maven_warehouse\ch\qos\logback\logback-classic\1.2.12\logback-classic-1.2.12.jar;D:\download\JAVA\maven_warehouse\ch\qos\logback\logback-core\1.2.12\logback-core-1.2.12.jar;D:\download\JAVA\maven_warehouse\org\apache\logging\log4j\log4j-to-slf4j\2.17.2\log4j-to-slf4j-2.17.2.jar;D:\download\JAVA\maven_warehouse\org\apache\logging\log4j\log4j-api\2.17.2\log4j-api-2.17.2.jar;D:\download\JAVA\maven_warehouse\org\slf4j\jul-to-slf4j\1.7.36\jul-to-slf4j-1.7.36.jar;D:\download\JAVA\maven_warehouse\jakarta\annotation\jakarta.annotation-api\1.3.5\jakarta.annotation-api-1.3.5.jar;D:\download\JAVA\maven_warehouse\org\yaml\snakeyaml\1.30\snakeyaml-1.30.jar;D:\download\JAVA\maven_warehouse\org\springframework\boot\spring-boot-starter-json\2.7.18\spring-boot-starter-json-2.7.18.jar;D:\download\JAVA\maven_warehouse\com\fasterxml\jackson\core\jackson-databind\2.13.5\jackson-databind-2.13.5.jar;D:\download\JAVA\maven_warehouse\com\fasterxml\jackson\core\jackson-annotations\2.13.5\jackson-annotations-2.13.5.jar;D:\download\JAVA\maven_warehouse\com\fasterxml\jackson\datatype\jackson-datatype-jdk8\2.13.5\jackson-datatype-jdk8-2.13.5.jar;D:\download\JAVA\maven_warehouse\com\fasterxml\jackson\datatype\jackson-datatype-jsr310\2.13.5\jackson-datatype-jsr310-2.13.5.jar;D:\download\JAVA\maven_warehouse\com\fasterxml\jackson\module\jackson-module-parameter-names\2.13.5\jackson-module-parameter-names-2.13.5.jar;D:\download\JAVA\maven_warehouse\org\springframework\boot\spring-boot-starter-tomcat\2.7.18\spring-boot-starter-tomcat-2.7.18.jar;D:\download\JAVA\maven_warehouse\org\apache\tomcat\embed\tomcat-embed-core\9.0.83\tomcat-embed-core-9.0.83.jar;D:\download\JAVA\maven_warehouse\org\apache\tomcat\embed\tomcat-embed-el\9.0.83\tomcat-embed-el-9.0.83.jar;D:\download\JAVA\maven_warehouse\org\apache\tomcat\embed\tomcat-embed-websocket\9.0.83\tomcat-embed-websocket-9.0.83.jar;D:\download\JAVA\maven_warehouse\org\springframework\spring-web\5.3.31\spring-web-5.3.31.jar;D:\download\JAVA\maven_warehouse\org\springframework\spring-beans\5.3.31\spring-beans-5.3.31.jar;D:\download\JAVA\maven_warehouse\org\springframework\spring-webmvc\5.3.31\spring-webmvc-5.3.31.jar;D:\download\JAVA\maven_warehouse\org\springframework\spring-aop\5.3.31\spring-aop-5.3.31.jar;D:\download\JAVA\maven_warehouse\org\springframework\spring-context\5.3.31\spring-context-5.3.31.jar;D:\download\JAVA\maven_warehouse\org\springframework\spring-expression\5.3.31\spring-expression-5.3.31.jar;D:\download\JAVA\maven_warehouse\org\springframework\boot\spring-boot-starter-thymeleaf\2.7.18\spring-boot-starter-thymeleaf-2.7.18.jar;D:\download\JAVA\maven_warehouse\org\thymeleaf\thymeleaf-spring5\3.0.15.RELEASE\thymeleaf-spring5-3.0.15.RELEASE.jar;D:\download\JAVA\maven_warehouse\org\thymeleaf\thymeleaf\3.0.15.RELEASE\thymeleaf-3.0.15.RELEASE.jar;D:\download\JAVA\maven_warehouse\org\attoparser\attoparser\2.0.5.RELEASE\attoparser-2.0.5.RELEASE.jar;D:\download\JAVA\maven_warehouse\org\unbescape\unbescape\1.1.6.RELEASE\unbescape-1.1.6.RELEASE.jar;D:\download\JAVA\maven_warehouse\org\slf4j\slf4j-api\1.7.36\slf4j-api-1.7.36.jar;D:\download\JAVA\maven_warehouse\org\thymeleaf\extras\thymeleaf-extras-java8time\3.0.4.RELEASE\thymeleaf-extras-java8time-3.0.4.RELEASE.jar;D:\download\JAVA\maven_warehouse\org\springframework\boot\spring-boot-starter-data-jpa\2.7.18\spring-boot-starter-data-jpa-2.7.18.jar;D:\download\JAVA\maven_warehouse\org\springframework\boot\spring-boot-starter-aop\2.7.18\spring-boot-starter-aop-2.7.18.jar;D:\download\JAVA\maven_warehouse\org\aspectj\aspectjweaver\1.9.7\aspectjweaver-1.9.7.jar;D:\download\JAVA\maven_warehouse\jakarta\transaction\jakarta.transaction-api\1.3.3\jakarta.transaction-api-1.3.3.jar;D:\download\JAVA\maven_warehouse\jakarta\persistence\jakarta.persistence-api\2.2.3\jakarta.persistence-api-2.2.3.jar;D:\download\JAVA\maven_warehouse\org\hibernate\hibernate-core\5.6.15.Final\hibernate-core-5.6.15.Final.jar;D:\download\JAVA\maven_warehouse\org\jboss\logging\jboss-logging\3.4.3.Final\jboss-logging-3.4.3.Final.jar;D:\download\JAVA\maven_warehouse\net\bytebuddy\byte-buddy\1.12.23\byte-buddy-1.12.23.jar;D:\download\JAVA\maven_warehouse\antlr\antlr\2.7.7\antlr-2.7.7.jar;D:\download\JAVA\maven_warehouse\org\jboss\jandex\2.4.2.Final\jandex-2.4.2.Final.jar;D:\download\JAVA\maven_warehouse\com\fasterxml\classmate\1.5.1\classmate-1.5.1.jar;D:\download\JAVA\maven_warehouse\org\hibernate\common\hibernate-commons-annotations\5.1.2.Final\hibernate-commons-annotations-5.1.2.Final.jar;D:\download\JAVA\maven_warehouse\org\glassfish\jaxb\jaxb-runtime\2.3.9\jaxb-runtime-2.3.9.jar;D:\download\JAVA\maven_warehouse\org\glassfish\jaxb\txw2\2.3.9\txw2-2.3.9.jar;D:\download\JAVA\maven_warehouse\com\sun\istack\istack-commons-runtime\3.0.12\istack-commons-runtime-3.0.12.jar;D:\download\JAVA\maven_warehouse\com\sun\activation\jakarta.activation\1.2.2\jakarta.activation-1.2.2.jar;D:\download\JAVA\maven_warehouse\org\springframework\data\spring-data-jpa\2.7.18\spring-data-jpa-2.7.18.jar;D:\download\JAVA\maven_warehouse\org\springframework\data\spring-data-commons\2.7.18\spring-data-commons-2.7.18.jar;D:\download\JAVA\maven_warehouse\org\springframework\spring-orm\5.3.31\spring-orm-5.3.31.jar;D:\download\JAVA\maven_warehouse\org\springframework\spring-tx\5.3.31\spring-tx-5.3.31.jar;D:\download\JAVA\maven_warehouse\org\springframework\spring-aspects\5.3.31\spring-aspects-5.3.31.jar;D:\download\JAVA\maven_warehouse\com\alibaba\cloud\spring-cloud-starter-alibaba-nacos-discovery\2021.1\spring-cloud-starter-alibaba-nacos-discovery-2021.1.jar;D:\download\JAVA\maven_warehouse\com\alibaba\cloud\spring-cloud-alibaba-commons\2021.1\spring-cloud-alibaba-commons-2021.1.jar;D:\download\JAVA\maven_warehouse\com\alibaba\nacos\nacos-client\1.4.1\nacos-client-1.4.1.jar;D:\download\JAVA\maven_warehouse\com\alibaba\nacos\nacos-common\1.4.1\nacos-common-1.4.1.jar;D:\download\JAVA\maven_warehouse\commons-io\commons-io\2.2\commons-io-2.2.jar;D:\download\JAVA\maven_warehouse\org\apache\httpcomponents\httpasyncclient\4.1.5\httpasyncclient-4.1.5.jar;D:\download\JAVA\maven_warehouse\org\apache\httpcomponents\httpcore\4.4.16\httpcore-4.4.16.jar;D:\download\JAVA\maven_warehouse\org\apache\httpcomponents\httpcore-nio\4.4.16\httpcore-nio-4.4.16.jar;D:\download\JAVA\maven_warehouse\org\apache\httpcomponents\httpclient\4.5.14\httpclient-4.5.14.jar;D:\download\JAVA\maven_warehouse\com\alibaba\nacos\nacos-api\1.4.1\nacos-api-1.4.1.jar;D:\download\JAVA\maven_warehouse\com\google\guava\guava\24.1.1-jre\guava-24.1.1-jre.jar;D:\download\JAVA\maven_warehouse\com\google\code\findbugs\jsr305\1.3.9\jsr305-1.3.9.jar;D:\download\JAVA\maven_warehouse\org\checkerframework\checker-compat-qual\2.0.0\checker-compat-qual-2.0.0.jar;D:\download\JAVA\maven_warehouse\com\google\errorprone\error_prone_annotations\2.1.3\error_prone_annotations-2.1.3.jar;D:\download\JAVA\maven_warehouse\com\google\j2objc\j2objc-annotations\1.1\j2objc-annotations-1.1.jar;D:\download\JAVA\maven_warehouse\org\codehaus\mojo\animal-sniffer-annotations\1.14\animal-sniffer-annotations-1.14.jar;D:\download\JAVA\maven_warehouse\commons-codec\commons-codec\1.15\commons-codec-1.15.jar;D:\download\JAVA\maven_warehouse\com\fasterxml\jackson\core\jackson-core\2.13.5\jackson-core-2.13.5.jar;D:\download\JAVA\maven_warehouse\io\prometheus\simpleclient\0.15.0\simpleclient-0.15.0.jar;D:\download\JAVA\maven_warehouse\io\prometheus\simpleclient_tracer_otel\0.15.0\simpleclient_tracer_otel-0.15.0.jar;D:\download\JAVA\maven_warehouse\io\prometheus\simpleclient_tracer_common\0.15.0\simpleclient_tracer_common-0.15.0.jar;D:\download\JAVA\maven_warehouse\io\prometheus\simpleclient_tracer_otel_agent\0.15.0\simpleclient_tracer_otel_agent-0.15.0.jar;D:\download\JAVA\maven_warehouse\com\alibaba\spring\spring-context-support\1.0.10\spring-context-support-1.0.10.jar;D:\download\JAVA\maven_warehouse\org\springframework\cloud\spring-cloud-commons\3.1.6\spring-cloud-commons-3.1.6.jar;D:\download\JAVA\maven_warehouse\org\springframework\cloud\spring-cloud-context\3.1.6\spring-cloud-context-3.1.6.jar;D:\download\JAVA\maven_warehouse\com\alibaba\cloud\spring-cloud-starter-alibaba-nacos-config\2021.1\spring-cloud-starter-alibaba-nacos-config-2021.1.jar;D:\download\JAVA\maven_warehouse\com\mysql\mysql-connector-j\8.0.33\mysql-connector-j-8.0.33.jar;D:\download\JAVA\maven_warehouse\jakarta\validation\jakarta.validation-api\2.0.2\jakarta.validation-api-2.0.2.jar;D:\download\JAVA\maven_warehouse\org\springframework\cloud\spring-cloud-starter-loadbalancer\3.1.6\spring-cloud-starter-loadbalancer-3.1.6.jar;D:\download\JAVA\maven_warehouse\org\springframework\cloud\spring-cloud-starter\3.1.6\spring-cloud-starter-3.1.6.jar;D:\download\JAVA\maven_warehouse\org\springframework\security\spring-security-rsa\1.0.11.RELEASE\spring-security-rsa-1.0.11.RELEASE.jar;D:\download\JAVA\maven_warehouse\org\bouncycastle\bcpkix-jdk15on\1.69\bcpkix-jdk15on-1.69.jar;D:\download\JAVA\maven_warehouse\org\bouncycastle\bcprov-jdk15on\1.69\bcprov-jdk15on-1.69.jar;D:\download\JAVA\maven_warehouse\org\bouncycastle\bcutil-jdk15on\1.69\bcutil-jdk15on-1.69.jar;D:\download\JAVA\maven_warehouse\org\springframework\cloud\spring-cloud-loadbalancer\3.1.6\spring-cloud-loadbalancer-3.1.6.jar;D:\download\JAVA\maven_warehouse\io\projectreactor\reactor-core\3.4.34\reactor-core-3.4.34.jar;D:\download\JAVA\maven_warehouse\org\reactivestreams\reactive-streams\1.0.4\reactive-streams-1.0.4.jar;D:\download\JAVA\maven_warehouse\io\projectreactor\addons\reactor-extra\3.4.10\reactor-extra-3.4.10.jar;D:\download\JAVA\maven_warehouse\org\springframework\boot\spring-boot-starter-cache\2.7.18\spring-boot-starter-cache-2.7.18.jar;D:\download\JAVA\maven_warehouse\org\springframework\spring-context-support\5.3.31\spring-context-support-5.3.31.jar;D:\download\JAVA\maven_warehouse\com\stoyanr\evictor\1.0.0\evictor-1.0.0.jar;D:\download\JAVA\maven_warehouse\org\springframework\boot\spring-boot-starter-jdbc\2.7.18\spring-boot-starter-jdbc-2.7.18.jar;D:\download\JAVA\maven_warehouse\com\zaxxer\HikariCP\4.0.3\HikariCP-4.0.3.jar;D:\download\JAVA\maven_warehouse\org\springframework\spring-jdbc\5.3.31\spring-jdbc-5.3.31.jar;D:\download\JAVA\maven_warehouse\org\springframework\security\spring-security-crypto\5.7.11\spring-security-crypto-5.7.11.jar;D:\download\JAVA\maven_warehouse\org\springframework\boot\spring-boot-starter-test\2.7.18\spring-boot-starter-test-2.7.18.jar;D:\download\JAVA\maven_warehouse\org\springframework\boot\spring-boot-test\2.7.18\spring-boot-test-2.7.18.jar;D:\download\JAVA\maven_warehouse\org\springframework\boot\spring-boot-test-autoconfigure\2.7.18\spring-boot-test-autoconfigure-2.7.18.jar;D:\download\JAVA\maven_warehouse\com\jayway\jsonpath\json-path\2.7.0\json-path-2.7.0.jar;D:\download\JAVA\maven_warehouse\net\minidev\json-smart\2.4.11\json-smart-2.4.11.jar;D:\download\JAVA\maven_warehouse\net\minidev\accessors-smart\2.4.11\accessors-smart-2.4.11.jar;D:\download\JAVA\maven_warehouse\org\ow2\asm\asm\9.3\asm-9.3.jar;D:\download\JAVA\maven_warehouse\jakarta\xml\bind\jakarta.xml.bind-api\2.3.3\jakarta.xml.bind-api-2.3.3.jar;D:\download\JAVA\maven_warehouse\jakarta\activation\jakarta.activation-api\1.2.2\jakarta.activation-api-1.2.2.jar;D:\download\JAVA\maven_warehouse\org\assertj\assertj-core\3.22.0\assertj-core-3.22.0.jar;D:\download\JAVA\maven_warehouse\org\hamcrest\hamcrest\2.2\hamcrest-2.2.jar;D:\download\JAVA\maven_warehouse\org\junit\jupiter\junit-jupiter\5.8.2\junit-jupiter-5.8.2.jar;D:\download\JAVA\maven_warehouse\org\junit\jupiter\junit-jupiter-api\5.8.2\junit-jupiter-api-5.8.2.jar;D:\download\JAVA\maven_warehouse\org\opentest4j\opentest4j\1.2.0\opentest4j-1.2.0.jar;D:\download\JAVA\maven_warehouse\org\junit\platform\junit-platform-commons\1.8.2\junit-platform-commons-1.8.2.jar;D:\download\JAVA\maven_warehouse\org\apiguardian\apiguardian-api\1.1.2\apiguardian-api-1.1.2.jar;D:\download\JAVA\maven_warehouse\org\junit\jupiter\junit-jupiter-params\5.8.2\junit-jupiter-params-5.8.2.jar;D:\download\JAVA\maven_warehouse\org\junit\jupiter\junit-jupiter-engine\5.8.2\junit-jupiter-engine-5.8.2.jar;D:\download\JAVA\maven_warehouse\org\junit\platform\junit-platform-engine\1.8.2\junit-platform-engine-1.8.2.jar;D:\download\JAVA\maven_warehouse\org\mockito\mockito-core\4.5.1\mockito-core-4.5.1.jar;D:\download\JAVA\maven_warehouse\net\bytebuddy\byte-buddy-agent\1.12.23\byte-buddy-agent-1.12.23.jar;D:\download\JAVA\maven_warehouse\org\objenesis\objenesis\3.2\objenesis-3.2.jar;D:\download\JAVA\maven_warehouse\org\mockito\mockito-junit-jupiter\4.5.1\mockito-junit-jupiter-4.5.1.jar;D:\download\JAVA\maven_warehouse\org\skyscreamer\jsonassert\1.5.1\jsonassert-1.5.1.jar;D:\download\JAVA\maven_warehouse\com\vaadin\external\google\android-json\0.0.20131108.vaadin1\android-json-0.0.20131108.vaadin1.jar;D:\download\JAVA\maven_warehouse\org\springframework\spring-core\5.3.31\spring-core-5.3.31.jar;D:\download\JAVA\maven_warehouse\org\springframework\spring-jcl\5.3.31\spring-jcl-5.3.31.jar;D:\download\JAVA\maven_warehouse\org\springframework\spring-test\5.3.31\spring-test-5.3.31.jar;D:\download\JAVA\maven_warehouse\org\xmlunit\xmlunit-core\2.9.1\xmlunit-core-2.9.1.jar;D:\download\JAVA\maven_warehouse\com\h2database\h2\2.1.214\h2-2.1.214.jar;D:\download\JAVA\maven_warehouse\org\testcontainers\junit-jupiter\1.19.3\junit-jupiter-1.19.3.jar;D:\download\JAVA\maven_warehouse\org\testcontainers\testcontainers\1.19.3\testcontainers-1.19.3.jar;D:\download\JAVA\maven_warehouse\junit\junit\4.13.2\junit-4.13.2.jar;D:\download\JAVA\maven_warehouse\org\hamcrest\hamcrest-core\2.2\hamcrest-core-2.2.jar;D:\download\JAVA\maven_warehouse\org\apache\commons\commons-compress\1.24.0\commons-compress-1.24.0.jar;D:\download\JAVA\maven_warehouse\org\rnorth\duct-tape\duct-tape\1.0.8\duct-tape-1.0.8.jar;D:\download\JAVA\maven_warehouse\org\jetbrains\annotations\17.0.0\annotations-17.0.0.jar;D:\download\JAVA\maven_warehouse\com\github\docker-java\docker-java-api\3.3.4\docker-java-api-3.3.4.jar;D:\download\JAVA\maven_warehouse\com\github\docker-java\docker-java-transport-zerodep\3.3.4\docker-java-transport-zerodep-3.3.4.jar;D:\download\JAVA\maven_warehouse\com\github\docker-java\docker-java-transport\3.3.4\docker-java-transport-3.3.4.jar;D:\download\JAVA\maven_warehouse\net\java\dev\jna\jna\5.13.0\jna-5.13.0.jar;D:\download\JAVA\maven_warehouse\org\testcontainers\mysql\1.19.3\mysql-1.19.3.jar;D:\download\JAVA\maven_warehouse\org\testcontainers\jdbc\1.19.3\jdbc-1.19.3.jar;D:\download\JAVA\maven_warehouse\org\testcontainers\database-commons\1.19.3\database-commons-1.19.3.jar;D:\download\JAVA\maven_warehouse\org\projectlombok\lombok\1.18.30\lombok-1.18.30.jar;"/>
    <property name="java.vm.vendor" value="Eclipse Adoptium"/>
    <property name="sun.arch.data.model" value="64"/>
    <property name="user.variant" value=""/>
    <property name="java.vendor.url" value="https://adoptium.net/"/>
    <property name="user.timezone" value="Asia/Shanghai"/>
    <property name="os.name" value="Windows 11"/>
    <property name="java.vm.specification.version" value="21"/>
    <property name="sun.java.launcher" value="SUN_STANDARD"/>
    <property name="user.country" value="CN"/>
    <property name="sun.boot.library.path" value="D:\download\JAVA\jdk-21.0.7.6-hotspot\bin"/>
    <property name="sun.java.command" value="C:\Users\肖宇轩\AppData\Local\Temp\surefire16322684601271802427\surefirebooter1076383188198803835.jar C:\Users\肖宇轩\AppData\Local\Temp\surefire16322684601271802427 2025-06-08T13-56-07_826-jvmRun1 surefire1571592646678320173tmp surefire_06938059783026631459tmp"/>
    <property name="jdk.debug" value="release"/>
    <property name="surefire.test.class.path" value="D:\作业\分布式系统架构\大作业\todo_cloud\todo-cloud\todo-service\target\test-classes;D:\作业\分布式系统架构\大作业\todo_cloud\todo-cloud\todo-service\target\classes;D:\download\JAVA\maven_warehouse\org\springframework\boot\spring-boot-starter-web\2.7.18\spring-boot-starter-web-2.7.18.jar;D:\download\JAVA\maven_warehouse\org\springframework\boot\spring-boot-starter\2.7.18\spring-boot-starter-2.7.18.jar;D:\download\JAVA\maven_warehouse\org\springframework\boot\spring-boot\2.7.18\spring-boot-2.7.18.jar;D:\download\JAVA\maven_warehouse\org\springframework\boot\spring-boot-autoconfigure\2.7.18\spring-boot-autoconfigure-2.7.18.jar;D:\download\JAVA\maven_warehouse\org\springframework\boot\spring-boot-starter-logging\2.7.18\spring-boot-starter-logging-2.7.18.jar;D:\download\JAVA\maven_warehouse\ch\qos\logback\logback-classic\1.2.12\logback-classic-1.2.12.jar;D:\download\JAVA\maven_warehouse\ch\qos\logback\logback-core\1.2.12\logback-core-1.2.12.jar;D:\download\JAVA\maven_warehouse\org\apache\logging\log4j\log4j-to-slf4j\2.17.2\log4j-to-slf4j-2.17.2.jar;D:\download\JAVA\maven_warehouse\org\apache\logging\log4j\log4j-api\2.17.2\log4j-api-2.17.2.jar;D:\download\JAVA\maven_warehouse\org\slf4j\jul-to-slf4j\1.7.36\jul-to-slf4j-1.7.36.jar;D:\download\JAVA\maven_warehouse\jakarta\annotation\jakarta.annotation-api\1.3.5\jakarta.annotation-api-1.3.5.jar;D:\download\JAVA\maven_warehouse\org\yaml\snakeyaml\1.30\snakeyaml-1.30.jar;D:\download\JAVA\maven_warehouse\org\springframework\boot\spring-boot-starter-json\2.7.18\spring-boot-starter-json-2.7.18.jar;D:\download\JAVA\maven_warehouse\com\fasterxml\jackson\core\jackson-databind\2.13.5\jackson-databind-2.13.5.jar;D:\download\JAVA\maven_warehouse\com\fasterxml\jackson\core\jackson-annotations\2.13.5\jackson-annotations-2.13.5.jar;D:\download\JAVA\maven_warehouse\com\fasterxml\jackson\datatype\jackson-datatype-jdk8\2.13.5\jackson-datatype-jdk8-2.13.5.jar;D:\download\JAVA\maven_warehouse\com\fasterxml\jackson\datatype\jackson-datatype-jsr310\2.13.5\jackson-datatype-jsr310-2.13.5.jar;D:\download\JAVA\maven_warehouse\com\fasterxml\jackson\module\jackson-module-parameter-names\2.13.5\jackson-module-parameter-names-2.13.5.jar;D:\download\JAVA\maven_warehouse\org\springframework\boot\spring-boot-starter-tomcat\2.7.18\spring-boot-starter-tomcat-2.7.18.jar;D:\download\JAVA\maven_warehouse\org\apache\tomcat\embed\tomcat-embed-core\9.0.83\tomcat-embed-core-9.0.83.jar;D:\download\JAVA\maven_warehouse\org\apache\tomcat\embed\tomcat-embed-el\9.0.83\tomcat-embed-el-9.0.83.jar;D:\download\JAVA\maven_warehouse\org\apache\tomcat\embed\tomcat-embed-websocket\9.0.83\tomcat-embed-websocket-9.0.83.jar;D:\download\JAVA\maven_warehouse\org\springframework\spring-web\5.3.31\spring-web-5.3.31.jar;D:\download\JAVA\maven_warehouse\org\springframework\spring-beans\5.3.31\spring-beans-5.3.31.jar;D:\download\JAVA\maven_warehouse\org\springframework\spring-webmvc\5.3.31\spring-webmvc-5.3.31.jar;D:\download\JAVA\maven_warehouse\org\springframework\spring-aop\5.3.31\spring-aop-5.3.31.jar;D:\download\JAVA\maven_warehouse\org\springframework\spring-context\5.3.31\spring-context-5.3.31.jar;D:\download\JAVA\maven_warehouse\org\springframework\spring-expression\5.3.31\spring-expression-5.3.31.jar;D:\download\JAVA\maven_warehouse\org\springframework\boot\spring-boot-starter-thymeleaf\2.7.18\spring-boot-starter-thymeleaf-2.7.18.jar;D:\download\JAVA\maven_warehouse\org\thymeleaf\thymeleaf-spring5\3.0.15.RELEASE\thymeleaf-spring5-3.0.15.RELEASE.jar;D:\download\JAVA\maven_warehouse\org\thymeleaf\thymeleaf\3.0.15.RELEASE\thymeleaf-3.0.15.RELEASE.jar;D:\download\JAVA\maven_warehouse\org\attoparser\attoparser\2.0.5.RELEASE\attoparser-2.0.5.RELEASE.jar;D:\download\JAVA\maven_warehouse\org\unbescape\unbescape\1.1.6.RELEASE\unbescape-1.1.6.RELEASE.jar;D:\download\JAVA\maven_warehouse\org\slf4j\slf4j-api\1.7.36\slf4j-api-1.7.36.jar;D:\download\JAVA\maven_warehouse\org\thymeleaf\extras\thymeleaf-extras-java8time\3.0.4.RELEASE\thymeleaf-extras-java8time-3.0.4.RELEASE.jar;D:\download\JAVA\maven_warehouse\org\springframework\boot\spring-boot-starter-data-jpa\2.7.18\spring-boot-starter-data-jpa-2.7.18.jar;D:\download\JAVA\maven_warehouse\org\springframework\boot\spring-boot-starter-aop\2.7.18\spring-boot-starter-aop-2.7.18.jar;D:\download\JAVA\maven_warehouse\org\aspectj\aspectjweaver\1.9.7\aspectjweaver-1.9.7.jar;D:\download\JAVA\maven_warehouse\jakarta\transaction\jakarta.transaction-api\1.3.3\jakarta.transaction-api-1.3.3.jar;D:\download\JAVA\maven_warehouse\jakarta\persistence\jakarta.persistence-api\2.2.3\jakarta.persistence-api-2.2.3.jar;D:\download\JAVA\maven_warehouse\org\hibernate\hibernate-core\5.6.15.Final\hibernate-core-5.6.15.Final.jar;D:\download\JAVA\maven_warehouse\org\jboss\logging\jboss-logging\3.4.3.Final\jboss-logging-3.4.3.Final.jar;D:\download\JAVA\maven_warehouse\net\bytebuddy\byte-buddy\1.12.23\byte-buddy-1.12.23.jar;D:\download\JAVA\maven_warehouse\antlr\antlr\2.7.7\antlr-2.7.7.jar;D:\download\JAVA\maven_warehouse\org\jboss\jandex\2.4.2.Final\jandex-2.4.2.Final.jar;D:\download\JAVA\maven_warehouse\com\fasterxml\classmate\1.5.1\classmate-1.5.1.jar;D:\download\JAVA\maven_warehouse\org\hibernate\common\hibernate-commons-annotations\5.1.2.Final\hibernate-commons-annotations-5.1.2.Final.jar;D:\download\JAVA\maven_warehouse\org\glassfish\jaxb\jaxb-runtime\2.3.9\jaxb-runtime-2.3.9.jar;D:\download\JAVA\maven_warehouse\org\glassfish\jaxb\txw2\2.3.9\txw2-2.3.9.jar;D:\download\JAVA\maven_warehouse\com\sun\istack\istack-commons-runtime\3.0.12\istack-commons-runtime-3.0.12.jar;D:\download\JAVA\maven_warehouse\com\sun\activation\jakarta.activation\1.2.2\jakarta.activation-1.2.2.jar;D:\download\JAVA\maven_warehouse\org\springframework\data\spring-data-jpa\2.7.18\spring-data-jpa-2.7.18.jar;D:\download\JAVA\maven_warehouse\org\springframework\data\spring-data-commons\2.7.18\spring-data-commons-2.7.18.jar;D:\download\JAVA\maven_warehouse\org\springframework\spring-orm\5.3.31\spring-orm-5.3.31.jar;D:\download\JAVA\maven_warehouse\org\springframework\spring-tx\5.3.31\spring-tx-5.3.31.jar;D:\download\JAVA\maven_warehouse\org\springframework\spring-aspects\5.3.31\spring-aspects-5.3.31.jar;D:\download\JAVA\maven_warehouse\com\alibaba\cloud\spring-cloud-starter-alibaba-nacos-discovery\2021.1\spring-cloud-starter-alibaba-nacos-discovery-2021.1.jar;D:\download\JAVA\maven_warehouse\com\alibaba\cloud\spring-cloud-alibaba-commons\2021.1\spring-cloud-alibaba-commons-2021.1.jar;D:\download\JAVA\maven_warehouse\com\alibaba\nacos\nacos-client\1.4.1\nacos-client-1.4.1.jar;D:\download\JAVA\maven_warehouse\com\alibaba\nacos\nacos-common\1.4.1\nacos-common-1.4.1.jar;D:\download\JAVA\maven_warehouse\commons-io\commons-io\2.2\commons-io-2.2.jar;D:\download\JAVA\maven_warehouse\org\apache\httpcomponents\httpasyncclient\4.1.5\httpasyncclient-4.1.5.jar;D:\download\JAVA\maven_warehouse\org\apache\httpcomponents\httpcore\4.4.16\httpcore-4.4.16.jar;D:\download\JAVA\maven_warehouse\org\apache\httpcomponents\httpcore-nio\4.4.16\httpcore-nio-4.4.16.jar;D:\download\JAVA\maven_warehouse\org\apache\httpcomponents\httpclient\4.5.14\httpclient-4.5.14.jar;D:\download\JAVA\maven_warehouse\com\alibaba\nacos\nacos-api\1.4.1\nacos-api-1.4.1.jar;D:\download\JAVA\maven_warehouse\com\google\guava\guava\24.1.1-jre\guava-24.1.1-jre.jar;D:\download\JAVA\maven_warehouse\com\google\code\findbugs\jsr305\1.3.9\jsr305-1.3.9.jar;D:\download\JAVA\maven_warehouse\org\checkerframework\checker-compat-qual\2.0.0\checker-compat-qual-2.0.0.jar;D:\download\JAVA\maven_warehouse\com\google\errorprone\error_prone_annotations\2.1.3\error_prone_annotations-2.1.3.jar;D:\download\JAVA\maven_warehouse\com\google\j2objc\j2objc-annotations\1.1\j2objc-annotations-1.1.jar;D:\download\JAVA\maven_warehouse\org\codehaus\mojo\animal-sniffer-annotations\1.14\animal-sniffer-annotations-1.14.jar;D:\download\JAVA\maven_warehouse\commons-codec\commons-codec\1.15\commons-codec-1.15.jar;D:\download\JAVA\maven_warehouse\com\fasterxml\jackson\core\jackson-core\2.13.5\jackson-core-2.13.5.jar;D:\download\JAVA\maven_warehouse\io\prometheus\simpleclient\0.15.0\simpleclient-0.15.0.jar;D:\download\JAVA\maven_warehouse\io\prometheus\simpleclient_tracer_otel\0.15.0\simpleclient_tracer_otel-0.15.0.jar;D:\download\JAVA\maven_warehouse\io\prometheus\simpleclient_tracer_common\0.15.0\simpleclient_tracer_common-0.15.0.jar;D:\download\JAVA\maven_warehouse\io\prometheus\simpleclient_tracer_otel_agent\0.15.0\simpleclient_tracer_otel_agent-0.15.0.jar;D:\download\JAVA\maven_warehouse\com\alibaba\spring\spring-context-support\1.0.10\spring-context-support-1.0.10.jar;D:\download\JAVA\maven_warehouse\org\springframework\cloud\spring-cloud-commons\3.1.6\spring-cloud-commons-3.1.6.jar;D:\download\JAVA\maven_warehouse\org\springframework\cloud\spring-cloud-context\3.1.6\spring-cloud-context-3.1.6.jar;D:\download\JAVA\maven_warehouse\com\alibaba\cloud\spring-cloud-starter-alibaba-nacos-config\2021.1\spring-cloud-starter-alibaba-nacos-config-2021.1.jar;D:\download\JAVA\maven_warehouse\com\mysql\mysql-connector-j\8.0.33\mysql-connector-j-8.0.33.jar;D:\download\JAVA\maven_warehouse\jakarta\validation\jakarta.validation-api\2.0.2\jakarta.validation-api-2.0.2.jar;D:\download\JAVA\maven_warehouse\org\springframework\cloud\spring-cloud-starter-loadbalancer\3.1.6\spring-cloud-starter-loadbalancer-3.1.6.jar;D:\download\JAVA\maven_warehouse\org\springframework\cloud\spring-cloud-starter\3.1.6\spring-cloud-starter-3.1.6.jar;D:\download\JAVA\maven_warehouse\org\springframework\security\spring-security-rsa\1.0.11.RELEASE\spring-security-rsa-1.0.11.RELEASE.jar;D:\download\JAVA\maven_warehouse\org\bouncycastle\bcpkix-jdk15on\1.69\bcpkix-jdk15on-1.69.jar;D:\download\JAVA\maven_warehouse\org\bouncycastle\bcprov-jdk15on\1.69\bcprov-jdk15on-1.69.jar;D:\download\JAVA\maven_warehouse\org\bouncycastle\bcutil-jdk15on\1.69\bcutil-jdk15on-1.69.jar;D:\download\JAVA\maven_warehouse\org\springframework\cloud\spring-cloud-loadbalancer\3.1.6\spring-cloud-loadbalancer-3.1.6.jar;D:\download\JAVA\maven_warehouse\io\projectreactor\reactor-core\3.4.34\reactor-core-3.4.34.jar;D:\download\JAVA\maven_warehouse\org\reactivestreams\reactive-streams\1.0.4\reactive-streams-1.0.4.jar;D:\download\JAVA\maven_warehouse\io\projectreactor\addons\reactor-extra\3.4.10\reactor-extra-3.4.10.jar;D:\download\JAVA\maven_warehouse\org\springframework\boot\spring-boot-starter-cache\2.7.18\spring-boot-starter-cache-2.7.18.jar;D:\download\JAVA\maven_warehouse\org\springframework\spring-context-support\5.3.31\spring-context-support-5.3.31.jar;D:\download\JAVA\maven_warehouse\com\stoyanr\evictor\1.0.0\evictor-1.0.0.jar;D:\download\JAVA\maven_warehouse\org\springframework\boot\spring-boot-starter-jdbc\2.7.18\spring-boot-starter-jdbc-2.7.18.jar;D:\download\JAVA\maven_warehouse\com\zaxxer\HikariCP\4.0.3\HikariCP-4.0.3.jar;D:\download\JAVA\maven_warehouse\org\springframework\spring-jdbc\5.3.31\spring-jdbc-5.3.31.jar;D:\download\JAVA\maven_warehouse\org\springframework\security\spring-security-crypto\5.7.11\spring-security-crypto-5.7.11.jar;D:\download\JAVA\maven_warehouse\org\springframework\boot\spring-boot-starter-test\2.7.18\spring-boot-starter-test-2.7.18.jar;D:\download\JAVA\maven_warehouse\org\springframework\boot\spring-boot-test\2.7.18\spring-boot-test-2.7.18.jar;D:\download\JAVA\maven_warehouse\org\springframework\boot\spring-boot-test-autoconfigure\2.7.18\spring-boot-test-autoconfigure-2.7.18.jar;D:\download\JAVA\maven_warehouse\com\jayway\jsonpath\json-path\2.7.0\json-path-2.7.0.jar;D:\download\JAVA\maven_warehouse\net\minidev\json-smart\2.4.11\json-smart-2.4.11.jar;D:\download\JAVA\maven_warehouse\net\minidev\accessors-smart\2.4.11\accessors-smart-2.4.11.jar;D:\download\JAVA\maven_warehouse\org\ow2\asm\asm\9.3\asm-9.3.jar;D:\download\JAVA\maven_warehouse\jakarta\xml\bind\jakarta.xml.bind-api\2.3.3\jakarta.xml.bind-api-2.3.3.jar;D:\download\JAVA\maven_warehouse\jakarta\activation\jakarta.activation-api\1.2.2\jakarta.activation-api-1.2.2.jar;D:\download\JAVA\maven_warehouse\org\assertj\assertj-core\3.22.0\assertj-core-3.22.0.jar;D:\download\JAVA\maven_warehouse\org\hamcrest\hamcrest\2.2\hamcrest-2.2.jar;D:\download\JAVA\maven_warehouse\org\junit\jupiter\junit-jupiter\5.8.2\junit-jupiter-5.8.2.jar;D:\download\JAVA\maven_warehouse\org\junit\jupiter\junit-jupiter-api\5.8.2\junit-jupiter-api-5.8.2.jar;D:\download\JAVA\maven_warehouse\org\opentest4j\opentest4j\1.2.0\opentest4j-1.2.0.jar;D:\download\JAVA\maven_warehouse\org\junit\platform\junit-platform-commons\1.8.2\junit-platform-commons-1.8.2.jar;D:\download\JAVA\maven_warehouse\org\apiguardian\apiguardian-api\1.1.2\apiguardian-api-1.1.2.jar;D:\download\JAVA\maven_warehouse\org\junit\jupiter\junit-jupiter-params\5.8.2\junit-jupiter-params-5.8.2.jar;D:\download\JAVA\maven_warehouse\org\junit\jupiter\junit-jupiter-engine\5.8.2\junit-jupiter-engine-5.8.2.jar;D:\download\JAVA\maven_warehouse\org\junit\platform\junit-platform-engine\1.8.2\junit-platform-engine-1.8.2.jar;D:\download\JAVA\maven_warehouse\org\mockito\mockito-core\4.5.1\mockito-core-4.5.1.jar;D:\download\JAVA\maven_warehouse\net\bytebuddy\byte-buddy-agent\1.12.23\byte-buddy-agent-1.12.23.jar;D:\download\JAVA\maven_warehouse\org\objenesis\objenesis\3.2\objenesis-3.2.jar;D:\download\JAVA\maven_warehouse\org\mockito\mockito-junit-jupiter\4.5.1\mockito-junit-jupiter-4.5.1.jar;D:\download\JAVA\maven_warehouse\org\skyscreamer\jsonassert\1.5.1\jsonassert-1.5.1.jar;D:\download\JAVA\maven_warehouse\com\vaadin\external\google\android-json\0.0.20131108.vaadin1\android-json-0.0.20131108.vaadin1.jar;D:\download\JAVA\maven_warehouse\org\springframework\spring-core\5.3.31\spring-core-5.3.31.jar;D:\download\JAVA\maven_warehouse\org\springframework\spring-jcl\5.3.31\spring-jcl-5.3.31.jar;D:\download\JAVA\maven_warehouse\org\springframework\spring-test\5.3.31\spring-test-5.3.31.jar;D:\download\JAVA\maven_warehouse\org\xmlunit\xmlunit-core\2.9.1\xmlunit-core-2.9.1.jar;D:\download\JAVA\maven_warehouse\com\h2database\h2\2.1.214\h2-2.1.214.jar;D:\download\JAVA\maven_warehouse\org\testcontainers\junit-jupiter\1.19.3\junit-jupiter-1.19.3.jar;D:\download\JAVA\maven_warehouse\org\testcontainers\testcontainers\1.19.3\testcontainers-1.19.3.jar;D:\download\JAVA\maven_warehouse\junit\junit\4.13.2\junit-4.13.2.jar;D:\download\JAVA\maven_warehouse\org\hamcrest\hamcrest-core\2.2\hamcrest-core-2.2.jar;D:\download\JAVA\maven_warehouse\org\apache\commons\commons-compress\1.24.0\commons-compress-1.24.0.jar;D:\download\JAVA\maven_warehouse\org\rnorth\duct-tape\duct-tape\1.0.8\duct-tape-1.0.8.jar;D:\download\JAVA\maven_warehouse\org\jetbrains\annotations\17.0.0\annotations-17.0.0.jar;D:\download\JAVA\maven_warehouse\com\github\docker-java\docker-java-api\3.3.4\docker-java-api-3.3.4.jar;D:\download\JAVA\maven_warehouse\com\github\docker-java\docker-java-transport-zerodep\3.3.4\docker-java-transport-zerodep-3.3.4.jar;D:\download\JAVA\maven_warehouse\com\github\docker-java\docker-java-transport\3.3.4\docker-java-transport-3.3.4.jar;D:\download\JAVA\maven_warehouse\net\java\dev\jna\jna\5.13.0\jna-5.13.0.jar;D:\download\JAVA\maven_warehouse\org\testcontainers\mysql\1.19.3\mysql-1.19.3.jar;D:\download\JAVA\maven_warehouse\org\testcontainers\jdbc\1.19.3\jdbc-1.19.3.jar;D:\download\JAVA\maven_warehouse\org\testcontainers\database-commons\1.19.3\database-commons-1.19.3.jar;D:\download\JAVA\maven_warehouse\org\projectlombok\lombok\1.18.30\lombok-1.18.30.jar;"/>
    <property name="sun.cpu.endian" value="little"/>
    <property name="user.home" value="C:\Users\肖宇轩"/>
    <property name="user.language" value="zh"/>
    <property name="java.specification.vendor" value="Oracle Corporation"/>
    <property name="java.version.date" value="2025-04-15"/>
    <property name="java.home" value="D:\download\JAVA\jdk-21.0.7.6-hotspot"/>
    <property name="file.separator" value="\"/>
    <property name="basedir" value="D:\作业\分布式系统架构\大作业\todo_cloud\todo-cloud\todo-service"/>
    <property name="java.vm.compressedOopsMode" value="Zero based"/>
    <property name="line.separator" value="&#10;"/>
    <property name="java.vm.specification.vendor" value="Oracle Corporation"/>
    <property name="java.specification.name" value="Java Platform API Specification"/>
    <property name="surefire.real.class.path" value="C:\Users\肖宇轩\AppData\Local\Temp\surefire16322684601271802427\surefirebooter1076383188198803835.jar"/>
    <property name="user.script" value=""/>
    <property name="sun.management.compiler" value="HotSpot 64-Bit Tiered Compilers"/>
    <property name="java.runtime.version" value="21.0.7+6-LTS"/>
    <property name="user.name" value="肖宇轩"/>
    <property name="stdout.encoding" value="GBK"/>
    <property name="path.separator" value=";"/>
    <property name="os.version" value="10.0"/>
    <property name="java.runtime.name" value="OpenJDK Runtime Environment"/>
    <property name="file.encoding" value="UTF-8"/>
    <property name="java.vm.name" value="OpenJDK 64-Bit Server VM"/>
    <property name="java.vendor.version" value="Temurin-21.0.7+6"/>
    <property name="localRepository" value="D:\download\JAVA\maven_warehouse"/>
    <property name="java.vendor.url.bug" value="https://github.com/adoptium/adoptium-support/issues"/>
    <property name="java.io.tmpdir" value="C:\Users\肖宇轩\AppData\Local\Temp\"/>
    <property name="java.version" value="21.0.7"/>
    <property name="user.dir" value="D:\作业\分布式系统架构\大作业\todo_cloud\todo-cloud\todo-service"/>
    <property name="os.arch" value="amd64"/>
    <property name="java.vm.specification.name" value="Java Virtual Machine Specification"/>
    <property name="sun.os.patch.level" value=""/>
    <property name="native.encoding" value="GBK"/>
    <property name="java.library.path" value="D:\download\JAVA\jdk-21.0.7.6-hotspot\bin;C:\WINDOWS\Sun\Java\bin;C:\WINDOWS\system32;C:\WINDOWS;D:\download\JAVA\jdk-21.0.7.6-hotspot\bin;D:\download\JAVA\jdk-21.0.7.6-hotspot\bin;%MAVEN_HOME%\bin;C:\Program Files\Common Files\Oracle\Java\javapath;C:\Program Files (x86)\Common Files\Oracle\Java\java8path;C:\Program Files (x86)\Common Files\Oracle\Java\javapath;C:\Python313\Scripts\;C:\Python313\;C:\Windows\System32\HWAudioDriverLibs;C:\Windows\system32;C:\Windows;C:\Windows\System32\Wbem;C:\Windows\System32\WindowsPowerShell\v1.0\;C:\Windows\System32\OpenSSH\;C:\Users\Administrator\AppData\Local\Microsoft\WindowsApps;D:\download\Bandizip\;D:\download\Mysql\mysql-8.0.41-winx64\bin;D:\download\node\;D:\download\node\node_global\node_modules;D:\download\node\node_global\node_modules\node_modules;D:\download\node\node_global\node_modules\node_global;C:\WINDOWS\system32;C:\WINDOWS;C:\WINDOWS\System32\Wbem;C:\WINDOWS\System32\WindowsPowerShell\v1.0\;C:\WINDOWS\System32\OpenSSH\;D:\download\TortoiseSVN\bin;D:\download\Git\cmd;;C:\Program Files\Docker\Docker\resources\bin;C:\Program Files (x86)\Common Files\Oracle\Java\java8path;C:\Program Files (x86)\Common Files\Oracle\Java\javapath;C:\Python313\Scripts\;C:\Python313\;C:\Windows\System32\HWAudioDriverLibs;C:\Windows\system32;C:\Windows;C:\Windows\System32\Wbem;C:\Windows\System32\WindowsPowerShell\v1.0\;C:\Windows\System32\OpenSSH\;C:\Users\Administrator\AppData\Local\Microsoft\WindowsApps;D:\download\Bandizip\;D:\download\Mysql\mysql-8.0.41-winx64\bin;D:\download\node\;D:\download\node\node_global\node_modules;D:\download\node\node_global\node_modules\node_modules;D:\download\node\node_global\node_modules\node_global;C:\WINDOWS\system32;C:\WINDOWS;C:\WINDOWS\System32\Wbem;C:\WINDOWS\System32\WindowsPowerShell\v1.0\;C:\WINDOWS\System32\OpenSSH\;D:\download\JAVA\maven\apache-maven-3.9.9\bin;D:\download\JAVA\jdk1.8.0_202\bin;C:\Program Files (x86)\Common Files\Oracle\Java\java8path;C:\Program Files (x86)\Common Files\Oracle\Java\javapath;C:\Python313\Scripts\;C:\Python313\;C:\Windows\System32\HWAudioDriverLibs;C:\Users\肖宇轩\AppData\Local\Programs\cursor\resources\app\bin;C:\ProgramData\肖宇轩\GitHubDesktop\bin;C:\Users\肖宇轩\AppData\Local\GitHubDesktop\bin;C:\Users\肖宇轩\.bun\bin;;."/>
    <property name="java.vm.info" value="mixed mode, sharing"/>
    <property name="stderr.encoding" value="GBK"/>
    <property name="java.vendor" value="Eclipse Adoptium"/>
    <property name="java.vm.version" value="21.0.7+6-LTS"/>
    <property name="sun.io.unicode.encoding" value="UnicodeLittle"/>
    <property name="java.class.version" value="65.0"/>
  </properties>
  <testcase name="testFindAll" classname="com.example.todoservice.service.TodoServiceTest" time="0.251"/>
  <testcase name="testSave" classname="com.example.todoservice.service.TodoServiceTest" time="0.01"/>
  <testcase name="testFindById" classname="com.example.todoservice.service.TodoServiceTest" time="0.007"/>
  <testcase name="testOperationWithoutLogin" classname="com.example.todoservice.service.TodoServiceTest" time="0.004"/>
  <testcase name="testDeleteById" classname="com.example.todoservice.service.TodoServiceTest" time="0.006"/>
  <testcase name="testDeleteNonExistentTodo" classname="com.example.todoservice.service.TodoServiceTest" time="0.004"/>
  <testcase name="testAccessOtherUserTodo" classname="com.example.todoservice.service.TodoServiceTest" time="0.004"/>
</testsuite>